18:11:25,811 INFO  [ActionBusiness] register de Action
18:11:25,812 INFO  [ActionBusiness] register done
18:11:25,812 INFO  [ActionBusiness] call de : Action0
18:11:25,812 INFO  [ActionBusiness] Action0 est enregistrée
18:11:25,812 INFO  [ActionBusiness] com.glingo.action.Action@6b6237fd
18:11:25,812 INFO  [ActionBusiness] register de Action
18:11:25,812 INFO  [ActionBusiness] register done
18:11:25,812 INFO  [ActionBusiness] call de : Action1
18:11:25,812 INFO  [ActionBusiness] Action1 est enregistrée
18:11:25,812 INFO  [ActionBusiness] com.glingo.action.Action@7d49fa1e
18:11:25,812 INFO  [ActionBusiness] register de Action
18:11:25,813 INFO  [ActionBusiness] register done
18:11:25,813 INFO  [ActionBusiness] call de : Action2
18:11:25,813 INFO  [ActionBusiness] Action2 est enregistrée
18:11:25,813 INFO  [ActionBusiness] com.glingo.action.Action@3c407d5
18:11:25,813 INFO  [ActionBusiness] register de Action
18:11:25,813 INFO  [ActionBusiness] register done
18:11:25,813 INFO  [ActionBusiness] call de : Action3
18:11:25,813 INFO  [ActionBusiness] Action3 est enregistrée
18:11:25,813 INFO  [ActionBusiness] com.glingo.action.Action@3ade32e1
18:11:25,813 INFO  [ActionBusiness] register de Action
18:11:25,813 INFO  [ActionBusiness] register done
18:11:25,813 INFO  [ActionBusiness] call de : Action4
18:11:25,813 INFO  [ActionBusiness] Action4 est enregistrée
18:11:25,813 INFO  [ActionBusiness] com.glingo.action.Action@51de6ff8
18:11:25,813 INFO  [ActionBusiness] register de Action
18:11:25,813 INFO  [ActionBusiness] register done
18:11:25,813 INFO  [ActionBusiness] call de : Action5
18:11:25,814 INFO  [ActionBusiness] Action5 est enregistrée
18:11:25,814 INFO  [ActionBusiness] com.glingo.action.Action@62892cc5
18:11:25,814 INFO  [ActionBusiness] register de Action
18:11:25,814 INFO  [ActionBusiness] register done
18:11:25,814 INFO  [ActionBusiness] call de : Action6
18:11:25,814 INFO  [ActionBusiness] Action6 est enregistrée
18:11:25,814 INFO  [ActionBusiness] com.glingo.action.Action@1bda6c0d
18:11:25,814 INFO  [ActionBusiness] register de Action
18:11:25,814 INFO  [ActionBusiness] register done
18:11:25,814 INFO  [ActionBusiness] call de : Action7
18:11:25,814 INFO  [ActionBusiness] Action7 est enregistrée
18:11:25,814 INFO  [ActionBusiness] com.glingo.action.Action@20ebd7c4
18:11:25,814 INFO  [ActionBusiness] register de Action
18:11:25,814 INFO  [ActionBusiness] register done
18:11:25,814 INFO  [ActionBusiness] call de : Action8
18:11:25,814 INFO  [ActionBusiness] Action8 est enregistrée
18:11:25,814 INFO  [ActionBusiness] com.glingo.action.Action@5ba295be
18:11:25,815 INFO  [ActionBusiness] register de Action
18:11:25,815 INFO  [ActionBusiness] register done
18:11:25,815 INFO  [ActionBusiness] call de : Action9
18:11:25,815 INFO  [ActionBusiness] Action9 est enregistrée
18:11:25,815 INFO  [ActionBusiness] com.glingo.action.Action@f151bf2
